Starting Database Engine...
Waiting for clients...
Starting Database Engine...
Waiting for clients...
Starting Database Engine...
Waiting for clients...
127.0.0.1 Connected
2011-11-04 06:27:25:650
Instruction: Login
Logon success
2011-11-04 06:27:25:651
Data Length:10
2011-11-04 06:27:25:744
Instruction: SQL
2011-11-04 06:27:25:822
Data Length:1098788
2011-11-04 06:27:28:903
Instruction: SQL
2011-11-04 06:27:28:906
Data Length:3199
2011-11-04 06:27:29:303
Instruction: SQL
2011-11-04 06:27:29:310
Data Length:9424
2011-11-04 06:27:29:869
Instruction: SQL
2011-11-04 06:27:29:876
Data Length:1098788
127.0.0.1 DisConnected
Starting Database Engine...
Waiting for clients...
127.0.0.1 Connected
2011-11-04 06:34:11:186
Instruction: Login
Logon success
2011-11-04 06:34:11:188
Data Length:10
2011-11-04 06:34:11:231
Instruction: SQL
2011-11-04 06:34:11:258
Data Length:1098788
127.0.0.1 Connected
2011-11-04 06:34:17:911
Instruction: Login
Logon success
2011-11-04 06:34:17:912
Data Length:10
2011-11-04 06:34:18:005
Instruction: SQL
2011-11-04 06:34:18:013
Data Length:1098788
2011-11-04 06:34:20:570
Instruction: SQL
2011-11-04 06:34:20:573
Data Length:3199
2011-11-04 06:34:20:950
Instruction: SQL
2011-11-04 06:34:20:957
Data Length:9424
2011-11-04 06:34:28:470
Instruction: SQL
2011-11-04 06:34:28:478
Data Length:1098788
2011-11-04 06:34:38:039
Instruction: SQL
2011-11-04 06:34:38:049
Data Length:14
2011-11-04 06:34:39:728
Instruction: SQL
2011-11-04 06:34:39:731
Data Length:9424
2011-11-04 06:34:40:250
Instruction: SQL
2011-11-04 06:34:40:252
Data Length:3199
2011-11-04 06:34:40:833
Instruction: SQL
2011-11-04 06:34:40:840
Data Length:1098794
2011-11-04 06:34:43:781
Instruction: SQL
2011-11-04 06:34:43:792
Data Length:14
2011-11-04 06:34:44:991
Instruction: SQL
2011-11-04 06:34:44:994
Data Length:9424
2011-11-04 06:34:45:692
Instruction: SQL
2011-11-04 06:34:45:699
Data Length:1098788
2011-11-04 06:34:46:491
Instruction: SQL
2011-11-04 06:34:46:495
Data Length:9424
127.0.0.1 DisConnected
Starting Database Engine...
Waiting for clients...
Starting Database Engine...
Waiting for clients...
Starting Database Engine...
Waiting for clients...
Starting Database Engine...
Waiting for clients...
Starting Database Engine...
Waiting for clients...
127.0.0.1 Connected
2020-07-14 13:07:56:813
Instruction: Login
Logon success
2020-07-14 13:07:56:828
Data Length:10
2020-07-14 13:07:56:956
Instruction: SQL
2020-07-14 13:07:57:007
Data Length:1104168
2020-07-14 13:08:03:656
Instruction: SQL
2020-07-14 13:08:03:693
Data Length:3200
2020-07-14 13:08:06:161
Instruction: SQL
2020-07-14 13:08:06:177
Data Length:9514
2020-07-14 13:08:09:006
Instruction: SQL
2020-07-14 13:08:09:023
Data Length:1104168
Starting Database Engine...
Waiting for clients...
127.0.0.1 Connected
2020-07-14 13:08:34:016
Instruction: Login
Logon success
2020-07-14 13:08:34:031
Data Length:10
2020-07-14 13:08:34:160
Instruction: SQL
2020-07-14 13:08:34:182
Data Length:1104168
2020-07-14 13:08:35:152
Instruction: SQL
2020-07-14 13:08:35:228
Data Length:1104168
127.0.0.1 DisConnected
Starting Database Engine...
Waiting for clients...
Starting Database Engine...
Waiting for clients...
127.0.0.1 Connected
2020-07-14 13:12:15:051
Instruction: Login
Logon success
2020-07-14 13:12:15:076
Data Length:10
2020-07-14 13:12:15:211
Instruction: SQL
2020-07-14 13:12:15:246
Data Length:1104168
127.0.0.1 DisConnected
Starting Database Engine...
Waiting for clients...
127.0.0.1 Connected
2020-07-14 14:10:02:379
Instruction: Login
Logon success
2020-07-14 14:10:02:404
Data Length:10
2020-07-14 14:10:02:555
Instruction: SQL
2020-07-14 14:10:02:656
Data Length:1104168
127.0.0.1 DisConnected
Starting Database Engine...
Waiting for clients...
Starting Database Engine...
Waiting for clients...
Starting Database Engine...
Waiting for clients...
127.0.0.1 Connected
2020-07-18 09:50:29:521
Instruction: Login
Logon success
2020-07-18 09:50:29:521
Data Length:10
2020-07-18 09:50:29:661
Instruction: SQL
2020-07-18 09:50:29:708
Data Length:1104168
2020-07-18 09:50:33:802
Instruction: SQL
2020-07-18 09:50:33:817
Data Length:1104168
2020-07-18 09:50:35:770
Instruction: SQL
2020-07-18 09:50:35:770
Data Length:3200
2020-07-18 09:50:38:480
Instruction: SQL
2020-07-18 09:50:38:495
Data Length:1104168
127.0.0.1 DisConnected
Starting Database Engine...
Waiting for clients...
127.0.0.1 Connected
2020-07-18 09:54:13:539
Instruction: Login
Logon success
2020-07-18 09:54:13:554
Data Length:10
2020-07-18 09:54:13:632
Instruction: SQL
2020-07-18 09:54:13:648
Data Length:1104168
192.168.4.5 Connected
2020-07-18 09:55:52:152
Instruction: Login
Logon success
2020-07-18 09:55:52:168
Data Length:10
2020-07-18 09:55:52:293
Instruction: SQL
2020-07-18 09:55:52:309
Data Length:1104168
2020-07-18 09:55:54:543
Instruction: SQL
2020-07-18 09:55:54:558
Data Length:1104168
Starting Database Engine...
Waiting for clients...
192.168.4.5 Connected
2020-07-18 09:56:46:636
Instruction: Login
Logon success
2020-07-18 09:56:46:652
Data Length:10
2020-07-18 09:56:46:777
Instruction: SQL
2020-07-18 09:56:46:808
Data Length:1104168
2020-07-18 09:56:48:324
Instruction: SQL
2020-07-18 09:56:48:339
Data Length:1104168
2020-07-18 09:56:48:667
Instruction: SQL
2020-07-18 09:56:48:683
Data Length:1104168
192.168.4.5 DisConnected
